--------------------------------------------------------
Running SSW, Last Updated: Wed Nov 2 22:22:51 GMT 2005
 
PROBLEMS? - e-mail TO: freeland@penumbra.nascom.nasa.gov
--------------------------------------------------------
IDL Version 8.2.2, Mac OS X (darwin x86_64 m64). (c) 2012, Exelis Visual Information Solutions, Inc.
Installation number: 406410.
Licensed for personal use by Mel Byrne only.
All other use is strictly prohibited.

Executing SSW IDL_STARTUP for: GEN
% DEVICE: Unable to connect to X Windows display: :0.0
Executing SSW IDL_STARTUP for: STEREO gen tree
Registering DLM /Users/ecarley/ssw/stereo/gen/exe/icy/old_darwin_x86_64/lib/icy.dlm
% SET_LOGENV: setenv,SOHO_SPICE=/Users/ecarley/soho/gen/spice
Executing SSW IDL_STARTUP for: EIT
executing EIT IDL_STARTUP
Executing SSW IDL_STARTUP for: SECCHI
% Compiled module: STRJUSTIFY.
% Compiled module: UNIQ.
% Compiled module: DEFAULT.
% Compiled module: PRSTR.
Including Paths:
 -----------------------------
| $SSW/packages/mjastereo/idl |
 -----------------------------
% SSW_PATH: Number of paths changed from 162 to 163
Including Paths:
 -----------------------------------------------
| $SSW/packages/nrl/idl/nrlgen/aia              |
| $SSW/packages/nrl/idl/nrlgen/analysis         |
| $SSW/packages/nrl/idl/nrlgen/dfanning         |
| $SSW/packages/nrl/idl/nrlgen/display/diva     |
| $SSW/packages/nrl/idl/nrlgen/display          |
| $SSW/packages/nrl/idl/nrlgen/lascoeit         |
| $SSW/packages/nrl/idl/nrlgen/time             |
| $SSW/packages/nrl/idl/nrlgen/util/discri_pobj |
| $SSW/packages/nrl/idl/nrlgen/util             |
| $SSW/packages/nrl/idl/nrlgen/widgets          |
 -----------------------------------------------
% SSW_PATH: Number of paths changed from 163 to 173
% SET_LOGENV: setenv,SECCHI_BKG=/Users/ecarley/stereo/secchi/backgrounds
Executing SSW IDL_STARTUP for: ONTOLOGY
% Compiled module: RECOMPILE.
% Compiled module: HAVE_PROC.
% Compiled module: HAVE_PROC_VM.
% Compiled module: FILE_BREAK.
% Compiled module: IS_STRUCT.
% Compiled module: DPRINT.
% Compiled module: WHICH.
% Compiled module: STR_SEP.
% Compiled module: MERGE_STRUCT.
% Compiled module: COMDIM2.
% Compiled module: BREAK_FILE.
% Compiled module: WAS_CALLED.
% Compiled module: WEB_DECHUNK.
Executing SSW IDL_STARTUP for: SITE
% Compiled module: ARM_BATCH.
% Compiled module: SYSTIM.
THE TIME IS NOW 12-Aug-2014 11:26:06
% Compiled module: SM_DATE_STRUCT.
% Compiled module: GET_UTC.
% Compiled module: FIND_WITH_DEF.
% Compiled module: FIND_ALL_DIR.
% Compiled module: BREAK_PATH.
% Compiled module: INT2UTC.
% Compiled module: TAG_EXIST.
% Compiled module: MJD2DATE.
% Compiled module: UTC2STR.
% Compiled module: TIME2FILE.
% Compiled module: ANYTIM.
% Compiled module: CHECKVAR.
% Compiled module: STR_LASTPOS.
% Compiled module: STR2UTC.
% Compiled module: VALID_NUM.
% Compiled module: DELVARX.
% Compiled module: DELVARX2.
% Compiled module: DESTROY.
% Compiled module: BOOST_ARRAY.
% Compiled module: UTC2INT.
% Compiled module: DATE2MJD.
% Compiled module: CHECK_INT_TIME.
% Compiled module: GET_LEAP_SEC.
% Compiled module: UTIME2STR.
% Compiled module: GETUTBASE.
% Compiled module: GETUT.
% Compiled module: INT2EX.
% Compiled module: DAYCNV.
% Compiled module: EX2INT.
% Compiled module: JDCNV.
% Compiled module: SSW_STRSPLIT.
% Compiled module: CALC_DATE.
% Compiled module: FILE2TIME.
% Compiled module: EXTRACT_FID.
% Compiled module: EXTRACT_FIDS.
% Compiled module: STRMIDS.
% Compiled module: STRSPECIAL.
% Compiled module: STRLASTCHAR.
% Compiled module: INT2SEC.
Done date stuff
Saving files into: /Users/ecarley/Sites/data/2014/08/12/
% Compiled module: GET_BAKEOUT_DATES.
% Compiled module: SOCK_PING.
% Compiled module: HAVE_NETWORK.
% Compiled module: URL_PARSE.
% Compiled module: IS_NUMBER.
% Compiled module: HAVE_PROXY.
% Compiled module: SOCK_HEAD.
% Compiled module: IDLNETURL2__DEFINE.
% Loaded DLM: URL.
% Compiled module: USE_PROXY.
% Compiled module: BYTE2STR.
% Compiled module: IS_NUMBER2.
% Compiled module: SOCK_CONTENT.
% Compiled module: SOCK_LIST.
% Compiled module: STR_MATCH.
% Compiled module: STR_PICK.
BAKEOUT DATES FAILED!!! or crashed. DAMN IT GURMAN!!!
getting srs
% Compiled module: GET_SRS.
% Compiled module: SOCK_COPY.
% Compiled module: REM_DUP_KEYWORDS.
% Compiled module: IS_FTP.
% Compiled module: HTTP__DEFINE.
% Compiled module: GEN__DEFINE.
% Compiled module: ALLOW_SOCKETS.
% Compiled module: WRITE_DIR.
% Compiled module: OBJ_STRUCT.
% Compiled module: CLOSE_LUN.
% Compiled module: STR_FORMAT.
% Compiled module: SOCK_READU.
% Compiled module: XKILL.
% Compiled module: CHMOD.
done getting srs
concating AR summary
% Compiled module: LAST_EVENTS2ARM2.
% Compiled module: GET_GEVLOC_DATA.
% Compiled module: FILE_LIST.
% Compiled module: CURDIR.
FILE_LIST: No files found
% Compiled module: GET_TEMP_DIR.
% Compiled module: BOX_MESSAGE.
 -----------------------------------------------------------
| Retrieving latest events dbase:                           |
| www.lmsal.com/solarsoft/latest_events/ssw_gev_locate.geny |
 -----------------------------------------------------------
% Compiled module: SSW_FILE_DELETE.
% Compiled module: RESTGENX.
% Compiled module: ADD_TAG.
% Compiled module: IDL_RELEASE.
% Compiled module: LAST_ITEM.
% Compiled module: REPLICATE2.
% Compiled module: VAR_TYPE.
% Compiled module: ROT_LOCATIONS.
% Compiled module: SSW_DELTAT.
% Compiled module: DIFF_ROT.
% Compiled module: PB0R.
% Compiled module: ANYTIM2UTC.
% Compiled module: ANYTIM2JD.
% Compiled module: JULDAY.
% Compiled module: SUN_POS.
% Compiled module: WCS_RSUN.
% Compiled module: WCS_AU.
% Compiled module: HEL2ARCMIN.
done concating AR summary
doing ar comb
% Compiled module: AR_COMB.
% Compiled module: AR_ORG.
% Compiled module: STRARRCOMPRESS.
Summary Size:            8
done ar_comb
generating meta data
% Compiled module: ARM_AR_TITLES.
% Compiled module: ARM_AR_TABLE.
% Compiled module: ARM_NA_EVENTS.
% Compiled module: ARM_TIMES.
done generating meta data
% Compiled module: GET_GOES_PLOTS.
% Compiled module: GET_GOES_EVENTS.
% Compiled module: GET_ACE.
% Compiled module: ARM_FD.
% Compiled module: GET_HALPHA.
% Compiled module: ATTEMPT_PING.
 
Ping to http://cesar.kso.ac.at successful.
Searching http://cesar.kso.ac.athalpha2k/recent/2014
% Compiled module: SOCK_FIND.
% Compiled module: CLOSEST.
Closest file at http://cesar.kso.ac.at to 20140812 is http://cesar.kso.ac.at/halpha2k/recent/2014/kanz_halph_fr_20140811_060121.fts.gz
 
 
Ping to http://www.bbso.njit.edu successful.
Searching http://www.bbso.njit.edupub/archive/2014/08/12
Did not find any files in http://www.bbso.njit.edupub/archive/2014/08/12
Searching http://www.bbso.njit.edupub/archive/2014/08/11
Closest file at http://www.bbso.njit.edu to 20140812 is http://www.bbso.njit.edu/pub/archive/2014/08/11/bbso_halph_fl_20140811_180836.fts
;------------------------------------------------------------------;
Downloading H-alpha fits file from: 
http://www.bbso.njit.edu/pub/archive/2014/08/11/bbso_halph_fr_20140811_180836.fts
;------------------------------------------------------------------;
% Compiled module: MREADFITS.
% Compiled module: HEADFITS.
% Compiled module: FXPOSIT.
% Compiled module: MRD_HREAD.
% Compiled module: FITSHEAD2STRUCT.
% Compiled module: FXADDPAR.
% Compiled module: FXPARPOS.
% Compiled module: FXPAR.
% Compiled module: FMT_TAG.
% Compiled module: ID_ESC.
% Compiled module: ISVALID.
% Compiled module: ID_ESC_INIT.
% Compiled module: ID_UNESC.
% Compiled module: GETTOK.
% Compiled module: MRD_STRUCT.
% Compiled module: TAG_INDEX.
% Compiled module: FITS_INTERP.
% Compiled module: STRNUMBER.
% Compiled module: TOTVECT.
% Compiled module: GT_TAGVAL.
% Compiled module: STR_TAGVAL.
% Compiled module: READFITS.
% Compiled module: SXPAR.
% READFITS: Now reading 2048 by 2048 array
% Compiled module: SMART_INDEX2MAP.
% Compiled module: INDEX2MAP.
% Compiled module: GET_FITS_PAR.
% Compiled module: GET_FITS_TIME.
% Compiled module: GET_FITS_ROLL.
% Compiled module: GET_FITS_CDELT.
% Compiled module: REP_TAG_NAME.
% Compiled module: GET_FITS_CEN.
% Compiled module: COMP_FITS_CEN.
% Compiled module: NOT_EXIST.
% Compiled module: COMP_FITS_CRVAL.
% Compiled module: GET_MAP_ANGLES.
% Compiled module: REM_TAG.
% Compiled module: STRUP.
% Compiled module: VALID_MAP.
% Compiled module: VALID_TIME.
% Compiled module: MAKE_MAP.
% Compiled module: ADD_PROP.
% Compiled module: JOIN_STRUCT.
% Compiled module: GET_TAG_VALUE.
% Compiled module: REP_PROP.
% Compiled module: GET_MAP_PROP.
% Compiled module: GET_MAP_SPACE.
% Compiled module: GET_MAP_CENTER.
% Compiled module: REP_TAG_VALUE.
% Compiled module: AVERAGE.
% Compiled module: WHERE_NOT_MISSING.
% Compiled module: PLOT_MAP.
% Compiled module: PLOT_MAP_INDEX.
% PLOT_MAP_INDEX: All data are zero
% Compiled module: WR_PNG.
% Loaded DLM: PNG.
% Compiled module: MAP2FITS.
% Compiled module: UNPACK_MAP.
% Compiled module: GET_TAG_INDEX.
% Compiled module: GET_MAP_XRANGE.
% Compiled module: GET_MAP_YRANGE.
% Compiled module: GET_MAP_XP.
% Compiled module: MK_MAP_XP.
% Compiled module: GET_MAP_YP.
% Compiled module: MK_MAP_YP.
% Compiled module: FXHMAKE.
% Compiled module: GET_DATE.
% Compiled module: DETABIFY.
% Compiled module: COMP_FITS_CRPIX.
% Compiled module: FXWRITE.
% Compiled module: CHECK_FITS.
% Compiled module: HOST_TO_IEEE.
% Compiled module: GZIP.
% Compiled module: HAVE_EXE.
% Compiled module: ESPAWN.
% Compiled module: UNIX_SPAWN.
% Compiled module: GET_RID.
% Compiled module: NINT.
% Compiled module: FILE_APPEND.
% Compiled module: RM_FILE.
% Compiled module: LOC_FILE.
% Compiled module: TEST_OPEN.
% Compiled module: IS_COMPRESSED.
% Compiled module: REM_BLANKS.
 
Data written to <bbso_halph_fd_20140811_180836_pre.png>.
Data written to <bbso_halph_fd_20140811_180836.fts>.
Data written to <bbso_halph_imagemap_20140812.txt>.
 
% Stop encountered: ARM_BATCH         137 /Users/ecarley/Sites/sm-batch/idl/arm
  _batch.pro
% Prematurely closing batch file: /tmp/EX_SM_201408121126/sm_batch.tmp.
IDL> Terminated
